<?xml version="1.0" encoding="UTF-8"?>
<testng-results skipped="0" failed="0" total="1" passed="1">
  <reporter-output>
  </reporter-output>
  <suite name="Command line suite" duration-ms="35" started-at="2020-08-23T07:30:19Z" finished-at="2020-08-23T07:30:19Z">
    <groups>
    </groups>
    <test name="Command line test" duration-ms="35" started-at="2020-08-23T07:30:19Z" finished-at="2020-08-23T07:30:19Z">
      <class name="com.tvdinh.test.CustomerTest">
        <test-method status="PASS" signature="checkFindAll()[pri:0, instance:com.tvdinh.test.CustomerTest@6b2fad11]" name="checkFindAll" duration-ms="20" started-at="2020-08-23T14:30:19Z" finished-at="2020-08-23T14:30:19Z">
          <reporter-output>
          </reporter-output>
        </test-method> <!-- checkFindAll -->
      </class> <!-- com.tvdinh.test.CustomerTest -->
    </test> <!-- Command line test -->
  </suite> <!-- Command line suite -->
</testng-results>
