<?xml version="1.0" encoding="UTF-8"?>
<testng-results skipped="0" failed="0" total="1" passed="1">
  <reporter-output>
  </reporter-output>
  <suite name="Default suite" duration-ms="70001" started-at="2020-08-23T10:21:51Z" finished-at="2020-08-23T10:23:01Z">
    <groups>
    </groups>
    <test name="Default test" duration-ms="70001" started-at="2020-08-23T10:21:51Z" finished-at="2020-08-23T10:23:01Z">
      <class name="com.tvdinh.test.CustomerTest">
        <test-method status="PASS" signature="checkUpdateCustomer()[pri:0, instance:com.tvdinh.test.CustomerTest@3e0e1046]" name="checkUpdateCustomer" duration-ms="69974" started-at="2020-08-23T17:21:51Z" finished-at="2020-08-23T17:23:01Z">
          <reporter-output>
          </reporter-output>
        </test-method> <!-- checkUpdateCustomer -->
      </class> <!-- com.tvdinh.test.CustomerTest -->
    </test> <!-- Default test -->
  </suite> <!-- Default suite -->
</testng-results>
