<?xml version="1.0" encoding="UTF-8"?>
<testng-results skipped="0" failed="0" total="1" passed="1">
  <reporter-output>
  </reporter-output>
  <suite name="Default suite" duration-ms="2776" started-at="2020-09-15T03:15:06Z" finished-at="2020-09-15T03:15:08Z">
    <groups>
    </groups>
    <test name="Default test" duration-ms="2776" started-at="2020-09-15T03:15:06Z" finished-at="2020-09-15T03:15:08Z">
      <class name="com.tvdinh.test.CustomerTest">
        <test-method status="PASS" signature="checkSave()[pri:0, instance:com.tvdinh.test.CustomerTest@e50a6f6]" name="checkSave" duration-ms="2756" started-at="2020-09-15T10:15:06Z" finished-at="2020-09-15T10:15:08Z">
          <reporter-output>
          </reporter-output>
        </test-method> <!-- checkSave -->
      </class> <!-- com.tvdinh.test.CustomerTest -->
    </test> <!-- Default test -->
  </suite> <!-- Default suite -->
</testng-results>
